<?xml version="1.0" encoding="UTF-8"?>
<!-- Generated by org.testng.reporters.JUnitReportReporter -->
<testsuite hostname="Laptop-2991" failures="0" tests="1" name="CreatePro" time="0.962" errors="1" timestamp="2022-12-16T01:50:41 GMT-05:00" skipped="0">
  <testcase classname="CreatePro" name="prospect" time="0.962">
    <error message="Cannot invoke method trim() on null object" type="java.lang.NullPointerException">
      <![CDATA[java.lang.NullPointerException: Cannot invoke method trim() on null object
at org.codehaus.groovy.runtime.NullObject.invokeMethod(NullObject.java:95)
at org.codehaus.groovy.runtime.callsite.PogoMetaClassSite.call(PogoMetaClassSite.java:45)
at org.codehaus.groovy.runtime.callsite.CallSiteArray.defaultCall(CallSiteArray.java:45)
at org.codehaus.groovy.runtime.callsite.NullCallSite.call(NullCallSite.java:35)
at org.codehaus.groovy.runtime.callsite.CallSiteArray.defaultCall(CallSiteArray.java:45)
at org.codehaus.groovy.runtime.callsite.AbstractCallSite.call(AbstractCallSite.java:125)
at org.codehaus.groovy.runtime.callsite.AbstractCallSite.call(AbstractCallSite.java:130)
at io.restassured.internal.support.PathSupport.mergeAndRemoveDoubleSlash(PathSupport.groovy:28)
at io.restassured.internal.support.PathSupport$mergeAndRemoveDoubleSlash$0.callStatic(Unknown Source)
at org.codehaus.groovy.runtime.callsite.CallSiteArray.defaultCallStatic(CallSiteArray.java:53)
at org.codehaus.groovy.runtime.callsite.AbstractCallSite.callStatic(AbstractCallSite.java:217)
at org.codehaus.groovy.runtime.callsite.AbstractCallSite.callStatic(AbstractCallSite.java:240)
at io.restassured.internal.RequestSpecificationImpl.getTargetPath(RequestSpecificationImpl.groovy:1391)
at io.restassured.internal.RequestSpecificationImpl.this$2$getTargetPath(RequestSpecificationImpl.groovy)
at java.base/jdk.internal.reflect.NativeMethodAccessorImpl.invoke0(Native Method)
at java.base/jdk.internal.reflect.NativeMethodAccessorImpl.invoke(NativeMethodAccessorImpl.java:77)
at java.base/jdk.internal.reflect.DelegatingMethodAccessorImpl.invoke(DelegatingMethodAccessorImpl.java:43)
at java.base/java.lang.reflect.Method.invoke(Method.java:568)
at org.codehaus.groovy.reflection.CachedMethod.invoke(CachedMethod.java:343)
at groovy.lang.MetaMethod.doMethodInvoke(MetaMethod.java:328)
at groovy.lang.MetaClassImpl.doInvokeMethod(MetaClassImpl.java:1348)
at groovy.lang.MetaClassImpl.invokeMethod(MetaClassImpl.java:1103)
at groovy.lang.MetaClassImpl.invokeMethod(MetaClassImpl.java:1009)
at groovy.lang.MetaClassImpl.invokeMethod(MetaClassImpl.java:792)
at io.restassured.internal.RequestSpecificationImpl.invokeMethod(RequestSpecificationImpl.groovy)
at org.codehaus.groovy.runtime.callsite.PogoInterceptableSite.call(PogoInterceptableSite.java:46)
at org.codehaus.groovy.runtime.callsite.PogoInterceptableSite.callCurrent(PogoInterceptableSite.java:57)
at org.codehaus.groovy.runtime.callsite.CallSiteArray.defaultCallCurrent(CallSiteArray.java:49)
at org.codehaus.groovy.runtime.callsite.AbstractCallSite.callCurrent(AbstractCallSite.java:171)
at org.codehaus.groovy.runtime.callsite.AbstractCallSite.callCurrent(AbstractCallSite.java:185)
at io.restassured.internal.RequestSpecificationImpl.partiallyApplyPathParams(RequestSpecificationImpl.groovy:1733)
at java.base/jdk.internal.reflect.NativeMethodAccessorImpl.invoke0(Native Method)
at java.base/jdk.internal.reflect.NativeMethodAccessorImpl.invoke(NativeMethodAccessorImpl.java:77)
at java.base/jdk.internal.reflect.DelegatingMethodAccessorImpl.invoke(DelegatingMethodAccessorImpl.java:43)
at java.base/java.lang.reflect.Method.invoke(Method.java:568)
at org.codehaus.groovy.reflection.CachedMethod.invoke(CachedMethod.java:343)
at groovy.lang.MetaMethod.doMethodInvoke(MetaMethod.java:328)
at groovy.lang.MetaClassImpl.doInvokeMethod(MetaClassImpl.java:1348)
at groovy.lang.MetaClassImpl.invokeMethod(MetaClassImpl.java:1103)
at groovy.lang.MetaClassImpl.invokeMethod(MetaClassImpl.java:1009)
at groovy.lang.MetaClassImpl.invokeMethod(MetaClassImpl.java:792)
at io.restassured.internal.RequestSpecificationImpl.invokeMethod(RequestSpecificationImpl.groovy)
at org.codehaus.groovy.runtime.callsite.PogoInterceptableSite.call(PogoInterceptableSite.java:46)
at org.codehaus.groovy.runtime.callsite.PogoInterceptableSite.callCurrent(PogoInterceptableSite.java:57)
at org.codehaus.groovy.runtime.callsite.CallSiteArray.defaultCallCurrent(CallSiteArray.java:49)
at org.codehaus.groovy.runtime.callsite.AbstractCallSite.callCurrent(AbstractCallSite.java:171)
at org.codehaus.groovy.runtime.callsite.AbstractCallSite.callCurrent(AbstractCallSite.java:203)
at io.restassured.internal.RequestSpecificationImpl.newFilterContext(RequestSpecificationImpl.groovy:1089)
at java.base/jdk.internal.reflect.NativeMethodAccessorImpl.invoke0(Native Method)
at java.base/jdk.internal.reflect.NativeMethodAccessorImpl.invoke(NativeMethodAccessorImpl.java:77)
at java.base/jdk.internal.reflect.DelegatingMethodAccessorImpl.invoke(DelegatingMethodAccessorImpl.java:43)
at java.base/java.lang.reflect.Method.invoke(Method.java:568)
at org.codehaus.groovy.reflection.CachedMethod.invoke(CachedMethod.java:343)
at groovy.lang.MetaMethod.doMethodInvoke(MetaMethod.java:328)
at groovy.lang.MetaClassImpl.doInvokeMethod(MetaClassImpl.java:1348)
at groovy.lang.MetaClassImpl.invokeMethod(MetaClassImpl.java:1103)
at groovy.lang.MetaClassImpl.invokeMethod(MetaClassImpl.java:1009)
at groovy.lang.MetaClassImpl.invokeMethod(MetaClassImpl.java:792)
at io.restassured.internal.RequestSpecificationImpl.invokeMethod(RequestSpecificationImpl.groovy)
at org.codehaus.groovy.runtime.callsite.PogoInterceptableSite.call(PogoInterceptableSite.java:46)
at org.codehaus.groovy.runtime.callsite.PogoInterceptableSite.callCurrent(PogoInterceptableSite.java:57)
at org.codehaus.groovy.runtime.callsite.CallSiteArray.defaultCallCurrent(CallSiteArray.java:49)
at org.codehaus.groovy.runtime.callsite.AbstractCallSite.callCurrent(AbstractCallSite.java:171)
at org.codehaus.groovy.runtime.callsite.AbstractCallSite.callCurrent(AbstractCallSite.java:203)
at io.restassured.internal.RequestSpecificationImpl.applyPathParamsAndSendRequest(RequestSpecificationImpl.groovy:1702)
at io.restassured.internal.RequestSpecificationImpl.this$2$applyPathParamsAndSendRequest(RequestSpecificationImpl.groovy)
at java.base/jdk.internal.reflect.NativeMethodAccessorImpl.invoke0(Native Method)
at java.base/jdk.internal.reflect.NativeMethodAccessorImpl.invoke(NativeMethodAccessorImpl.java:77)
at java.base/jdk.internal.reflect.DelegatingMethodAccessorImpl.invoke(DelegatingMethodAccessorImpl.java:43)
at java.base/java.lang.reflect.Method.invoke(Method.java:568)
at org.codehaus.groovy.reflection.CachedMethod.invoke(CachedMethod.java:343)
at groovy.lang.MetaMethod.doMethodInvoke(MetaMethod.java:328)
at groovy.lang.MetaClassImpl.doInvokeMethod(MetaClassImpl.java:1348)
at groovy.lang.MetaClassImpl.invokeMethod(MetaClassImpl.java:1103)
at groovy.lang.MetaClassImpl.invokeMethod(MetaClassImpl.java:1009)
at groovy.lang.MetaClassImpl.invokeMethod(MetaClassImpl.java:792)
at io.restassured.internal.RequestSpecificationImpl.invokeMethod(RequestSpecificationImpl.groovy)
at org.codehaus.groovy.runtime.callsite.PogoInterceptableSite.call(PogoInterceptableSite.java:46)
at org.codehaus.groovy.runtime.callsite.PogoInterceptableSite.callCurrent(PogoInterceptableSite.java:57)
at org.codehaus.groovy.runtime.callsite.CallSiteArray.defaultCallCurrent(CallSiteArray.java:49)
at org.codehaus.groovy.runtime.callsite.AbstractCallSite.callCurrent(AbstractCallSite.java:171)
at org.codehaus.groovy.runtime.callsite.AbstractCallSite.callCurrent(AbstractCallSite.java:203)
at io.restassured.internal.RequestSpecificationImpl.applyPathParamsAndSendRequest(RequestSpecificationImpl.groovy:1710)
at io.restassured.internal.RequestSpecificationImpl.this$2$applyPathParamsAndSendRequest(RequestSpecificationImpl.groovy)
at java.base/jdk.internal.reflect.NativeMethodAccessorImpl.invoke0(Native Method)
at java.base/jdk.internal.reflect.NativeMethodAccessorImpl.invoke(NativeMethodAccessorImpl.java:77)
at java.base/jdk.internal.reflect.DelegatingMethodAccessorImpl.invoke(DelegatingMethodAccessorImpl.java:43)
at java.base/java.lang.reflect.Method.invoke(Method.java:568)
at org.codehaus.groovy.reflection.CachedMethod.invoke(CachedMethod.java:343)
at groovy.lang.MetaMethod.doMethodInvoke(MetaMethod.java:328)
at groovy.lang.MetaClassImpl.doInvokeMethod(MetaClassImpl.java:1348)
at groovy.lang.MetaClassImpl.invokeMethod(MetaClassImpl.java:1103)
at groovy.lang.MetaClassImpl.invokeMethod(MetaClassImpl.java:1009)
at groovy.lang.MetaClassImpl.invokeMethod(MetaClassImpl.java:792)
at io.restassured.internal.RequestSpecificationImpl.invokeMethod(RequestSpecificationImpl.groovy)
at org.codehaus.groovy.runtime.callsite.PogoInterceptableSite.call(PogoInterceptableSite.java:46)
at org.codehaus.groovy.runtime.callsite.PogoInterceptableSite.callCurrent(PogoInterceptableSite.java:57)
at org.codehaus.groovy.runtime.callsite.CallSiteArray.defaultCallCurrent(CallSiteArray.java:49)
at org.codehaus.groovy.runtime.callsite.AbstractCallSite.callCurrent(AbstractCallSite.java:171)
at org.codehaus.groovy.runtime.callsite.AbstractCallSite.callCurrent(AbstractCallSite.java:203)
at io.restassured.internal.RequestSpecificationImpl.post(RequestSpecificationImpl.groovy:176)
at io.restassured.internal.RequestSpecificationImpl.post(RequestSpecificationImpl.groovy)
at CreatePro.prospect(CreatePro.java:44)
at java.base/jdk.internal.reflect.NativeMethodAccessorImpl.invoke0(Native Method)
at java.base/jdk.internal.reflect.NativeMethodAccessorImpl.invoke(NativeMethodAccessorImpl.java:77)
at java.base/jdk.internal.reflect.DelegatingMethodAccessorImpl.invoke(DelegatingMethodAccessorImpl.java:43)
at java.base/java.lang.reflect.Method.invoke(Method.java:568)
at org.testng.internal.MethodInvocationHelper.invokeMethod(MethodInvocationHelper.java:133)
at org.testng.internal.TestInvoker.invokeMethod(TestInvoker.java:598)
at org.testng.internal.TestInvoker.invokeTestMethod(TestInvoker.java:173)
at org.testng.internal.MethodRunner.runInSequence(MethodRunner.java:46)
at org.testng.internal.TestInvoker$MethodInvocationAgent.invoke(TestInvoker.java:824)
at org.testng.internal.TestInvoker.invokeTestMethods(TestInvoker.java:146)
at org.testng.internal.TestMethodWorker.invokeTestMethods(TestMethodWorker.java:146)
at org.testng.internal.TestMethodWorker.run(TestMethodWorker.java:128)
at java.base/java.util.ArrayList.forEach(ArrayList.java:1511)
at org.testng.TestRunner.privateRun(TestRunner.java:794)
at org.testng.TestRunner.run(TestRunner.java:596)
at org.testng.SuiteRunner.runTest(SuiteRunner.java:377)
at org.testng.SuiteRunner.runSequentially(SuiteRunner.java:371)
at org.testng.SuiteRunner.privateRun(SuiteRunner.java:332)
at org.testng.SuiteRunner.run(SuiteRunner.java:276)
at org.testng.SuiteRunnerWorker.runSuite(SuiteRunnerWorker.java:53)
at org.testng.SuiteRunnerWorker.run(SuiteRunnerWorker.java:96)
at org.testng.TestNG.runSuitesSequentially(TestNG.java:1212)
at org.testng.TestNG.runSuitesLocally(TestNG.java:1134)
at org.testng.TestNG.runSuites(TestNG.java:1063)
at org.testng.TestNG.run(TestNG.java:1031)
at org.testng.remote.AbstractRemoteTestNG.run(AbstractRemoteTestNG.java:115)
at org.testng.remote.RemoteTestNG.initAndRun(RemoteTestNG.java:251)
at org.testng.remote.RemoteTestNG.main(RemoteTestNG.java:77)
]]>
    </error>
  </testcase> <!-- prospect -->
  <system-out/>
</testsuite> <!-- CreatePro -->
