<?xml version="1.0" encoding="UTF-8"?>
<!-- Generated by org.testng.reporters.JUnitReportReporter -->
<testsuite hostname="Laptop-2991" failures="0" tests="3" name="DynamicJson" time="2.926" errors="0" timestamp="2022-12-07T02:23:47 GMT-05:00" skipped="0">
  <testcase classname="DynamicJson" name="addBook" time="0.177"/>
  <system-out/>
  <testcase classname="DynamicJson" name="addBook" time="0.163"/>
  <system-out/>
  <testcase classname="DynamicJson" name="addBook" time="2.586"/>
  <system-out/>
</testsuite> <!-- DynamicJson -->
