<?xml version="1.0" encoding="UTF-8"?>
<!-- Generated by org.testng.reporters.JUnitReportReporter -->
<testsuite hostname="Laptop-2991" failures="0" tests="1" name="CreateProspect" time="5.714" errors="0" timestamp="2022-12-19T07:17:26 GMT-05:00" skipped="0">
  <testcase classname="CreateProspect" name="createProsect" time="5.714"/>
  <system-out/>
</testsuite> <!-- CreateProspect -->
